<?xml version="1.0"?>
<!DOCTYPE coverage SYSTEM "http://cobertura.sourceforge.net/xml/coverage-04.dtd">
<coverage line-rate="0.5142857142857142" branch-rate="1.0000000000000000" lines-covered="54" lines-valid="105" branches-covered="0" branches-valid="0" complexity="0.0" timestamp="1589979689" version="Slather 2.4.8">
  <sources>
    <source>/Users/saleh/Desktop/SonarDemo</source>
  </sources>
  <packages>
    <package name="SonarDemo" line-rate="0.5142857142857142" branch-rate="1.0000000000000000" complexity="0.0">
      <classes>
        <class name="AppDelegate" filename="SonarDemo/AppDelegate.swift" line-rate="0.4339622641509434" branch-rate="1.0000000000000000" complexity="0.0">
          <methods/>
          <lines>
            <line number="17" branch="false" hits="8"/>
            <line number="18" branch="false" hits="8"/>
            <line number="19" branch="false" hits="8"/>
            <line number="20" branch="false" hits="8"/>
            <line number="24" branch="false" hits="1"/>
            <line number="25" branch="false" hits="1"/>
            <line number="26" branch="false" hits="1"/>
            <line number="27" branch="false" hits="1"/>
            <line number="28" branch="false" hits="1"/>
            <line number="30" branch="false" hits="0"/>
            <line number="31" branch="false" hits="0"/>
            <line number="32" branch="false" hits="0"/>
            <line number="33" branch="false" hits="0"/>
            <line number="34" branch="false" hits="0"/>
            <line number="38" branch="false" hits="8"/>
            <line number="39" branch="false" hits="8"/>
            <line number="40" branch="false" hits="8"/>
            <line number="41" branch="false" hits="8"/>
            <line number="42" branch="false" hits="8"/>
            <line number="43" branch="false" hits="8"/>
            <line number="44" branch="false" hits="8"/>
            <line number="45" branch="false" hits="8"/>
            <line number="46" branch="false" hits="8"/>
            <line number="47" branch="false" hits="8"/>
            <line number="48" branch="false" hits="0"/>
            <line number="49" branch="false" hits="0"/>
            <line number="50" branch="false" hits="0"/>
            <line number="51" branch="false" hits="0"/>
            <line number="52" branch="false" hits="0"/>
            <line number="53" branch="false" hits="0"/>
            <line number="54" branch="false" hits="0"/>
            <line number="55" branch="false" hits="0"/>
            <line number="56" branch="false" hits="0"/>
            <line number="57" branch="false" hits="0"/>
            <line number="58" branch="false" hits="0"/>
            <line number="59" branch="false" hits="0"/>
            <line number="60" branch="false" hits="8"/>
            <line number="61" branch="false" hits="8"/>
            <line number="62" branch="false" hits="8"/>
            <line number="63" branch="false" hits="8"/>
            <line number="67" branch="false" hits="0"/>
            <line number="68" branch="false" hits="0"/>
            <line number="69" branch="false" hits="0"/>
            <line number="70" branch="false" hits="0"/>
            <line number="71" branch="false" hits="0"/>
            <line number="72" branch="false" hits="0"/>
            <line number="73" branch="false" hits="0"/>
            <line number="74" branch="false" hits="0"/>
            <line number="75" branch="false" hits="0"/>
            <line number="76" branch="false" hits="0"/>
            <line number="77" branch="false" hits="0"/>
            <line number="78" branch="false" hits="0"/>
            <line number="79" branch="false" hits="0"/>
          </lines>
        </class>
        <class name="ContentView" filename="SonarDemo/ContentView.swift" line-rate="0.5000000000000000" branch-rate="1.0000000000000000" complexity="0.0">
          <methods/>
          <lines>
            <line number="12" branch="false" hits="8"/>
            <line number="13" branch="false" hits="8"/>
            <line number="14" branch="false" hits="8"/>
            <line number="18" branch="false" hits="0"/>
            <line number="19" branch="false" hits="0"/>
            <line number="20" branch="false" hits="0"/>
          </lines>
        </class>
        <class name="SceneDelegate" filename="SonarDemo/SceneDelegate.swift" line-rate="0.6086956521739131" branch-rate="1.0000000000000000" complexity="0.0">
          <methods/>
          <lines>
            <line number="17" branch="false" hits="8"/>
            <line number="18" branch="false" hits="8"/>
            <line number="19" branch="false" hits="8"/>
            <line number="20" branch="false" hits="8"/>
            <line number="21" branch="false" hits="8"/>
            <line number="22" branch="false" hits="8"/>
            <line number="23" branch="false" hits="8"/>
            <line number="24" branch="false" hits="8"/>
            <line number="25" branch="false" hits="8"/>
            <line number="26" branch="false" hits="8"/>
            <line number="27" branch="false" hits="8"/>
            <line number="28" branch="false" hits="8"/>
            <line number="29" branch="false" hits="8"/>
            <line number="30" branch="false" hits="8"/>
            <line number="31" branch="false" hits="8"/>
            <line number="32" branch="false" hits="8"/>
            <line number="33" branch="false" hits="8"/>
            <line number="34" branch="false" hits="8"/>
            <line number="35" branch="false" hits="8"/>
            <line number="36" branch="false" hits="8"/>
            <line number="38" branch="false" hits="0"/>
            <line number="39" branch="false" hits="0"/>
            <line number="40" branch="false" hits="0"/>
            <line number="41" branch="false" hits="0"/>
            <line number="42" branch="false" hits="0"/>
            <line number="43" branch="false" hits="0"/>
            <line number="45" branch="false" hits="8"/>
            <line number="46" branch="false" hits="8"/>
            <line number="47" branch="false" hits="8"/>
            <line number="48" branch="false" hits="8"/>
            <line number="50" branch="false" hits="0"/>
            <line number="51" branch="false" hits="0"/>
            <line number="52" branch="false" hits="0"/>
            <line number="53" branch="false" hits="0"/>
            <line number="55" branch="false" hits="8"/>
            <line number="56" branch="false" hits="8"/>
            <line number="57" branch="false" hits="8"/>
            <line number="58" branch="false" hits="8"/>
            <line number="60" branch="false" hits="0"/>
            <line number="61" branch="false" hits="0"/>
            <line number="62" branch="false" hits="0"/>
            <line number="63" branch="false" hits="0"/>
            <line number="64" branch="false" hits="0"/>
            <line number="65" branch="false" hits="0"/>
            <line number="66" branch="false" hits="0"/>
            <line number="67" branch="false" hits="0"/>
          </lines>
        </class>
      </classes>
    </package>
  </packages>
</coverage>
